2025-02-18 11:49:07,273 : INFO : Contact created successfully Nikhil Raju
2025-02-18 11:49:07,273 : INFO : Contact added to address book Nikhil, Raju
2025-02-18 11:59:30,924 : INFO : Contact created successfully Nikhil Raj
2025-02-18 11:59:30,924 : INFO : Contact added to address book Nikhil Raj
2025-02-18 12:21:44,339 : WARNING : Failed to create contact: zip code should be numeric
2025-02-18 12:21:44,340 : WARNING : Failed to add contact.
2025-02-18 12:21:44,341 : INFO : No contacts to display in the address book
2025-02-18 12:30:59,467 : WARNING : Failed to create contact: zip code should be numeric
2025-02-18 12:30:59,468 : WARNING : Failed to add contact.
2025-02-18 12:30:59,469 : INFO : No contacts to display in the address book
2025-02-18 12:37:53,094 : INFO : Contact created successfully dgfdg dgdfg
2025-02-18 12:37:53,096 : INFO : Contact added to address book dgfdg dgdfg
2025-02-18 13:59:22,260 : INFO : Contact created successfully Nikhil Raju
2025-02-18 13:59:22,260 : INFO : Contact added to address book Nikhil Raju
2025-02-18 14:11:56,682 : ERROR : Process interrupted by user.
2025-02-18 14:24:19,549 : ERROR : Process interrupted by user.
2025-02-18 14:24:29,286 : ERROR : Zip code should be numeric
2025-02-18 14:25:19,777 : ERROR : Process interrupted by user.
2025-02-18 14:37:00,559 : ERROR : Process interrupted by user.
2025-02-18 14:38:06,342 : WARNING : Zip code should be numeric
2025-02-18 14:38:12,093 : WARNING : Zip code should be numeric
2025-02-18 14:38:17,513 : WARNING : Mobile number should be numeric and it must be exactly 10 digits
2025-02-18 14:38:31,382 : INFO : Contact created successfully Nikhil Raju
2025-02-18 14:38:31,383 : INFO : Contact added to address book Nikhil Raju
2025-02-18 14:42:12,095 : INFO : Nikhil Vardhan - Contact created successfully 
2025-02-18 14:42:12,096 : INFO : Nikhil Vardhan added to contacts
2025-02-18 14:43:33,287 : INFO : Nikhil Vardhan - Contact created successfully 
2025-02-18 14:43:33,288 : INFO : Nikhil Vardhan added to contacts
2025-02-18 14:46:52,648 : INFO : Nikhil Vardhan - Contact created successfully 
2025-02-18 14:46:52,649 : INFO : Nikhil Vardhan added to contacts
2025-02-18 15:16:30,097 : WARNING : Zip code should be numeric
2025-02-18 15:16:30,475 : WARNING : Zip code should be numeric
2025-02-18 15:16:34,501 : WARNING : Mobile number should be numeric and it must be exactly 10 digits
2025-02-18 15:16:43,908 : WARNING : Failed to create contact. Please enter correct details in all the fields
2025-02-18 15:16:43,908 : WARNING : Failed to add contact.
2025-02-18 15:16:43,908 : INFO : No contacts to display in the address book
2025-02-18 15:20:19,232 : INFO : Nikhil Vardhan - Contact created successfully 
2025-02-18 15:20:19,232 : INFO : Nikhil Vardhan added to my contacts
2025-02-18 15:20:41,653 : WARNING : Zip code should be numeric
2025-02-18 15:20:49,259 : WARNING : Failed to create contact. Please enter correct details in all the fields
2025-02-18 15:20:49,259 : WARNING : Failed to add contact.
2025-02-18 15:20:49,259 : INFO : No contacts to display in my contacts
2025-02-18 15:24:17,547 : WARNING : Failed to create contact. Please enter correct details in all the fields
2025-02-18 15:24:17,562 : WARNING : Failed to add contact.
2025-02-18 15:24:17,562 : WARNING : To display contact details please add a contact first
2025-02-18 15:26:56,111 : INFO : Nikhil Vardhan - Contact created successfully 
2025-02-18 15:26:56,111 : INFO : Nikhil Vardhan added to my contacts 2025-02-19 08:46:34,391 : INFO : Nikhil Vardhan - Contact created successfully 
2025-02-19 08:47:22,753 : WARNING : Mobile number should be numeric and it must be exactly 10 digits
2025-02-19 08:47:30,080 : INFO : Nikhil Vardhan - Contact created successfully 
2025-02-19 08:47:30,081 : INFO : Nikhil Vardhan added to my contacts
2025-02-19 08:48:13,348 : INFO : Nikhil Vardhan - Contact created successfully 
2025-02-19 08:48:13,348 : INFO : Nikhil Vardhan added to my contacts
2025-02-19 08:48:58,001 : INFO : Nikhil Vardhan - Contact created successfully 
2025-02-19 08:48:58,002 : INFO : Nikhil Vardhan added to my contacts
2025-02-19 09:00:10,023 : INFO : Nikhil Vardhan - Contact created successfully 
2025-02-19 09:00:10,024 : INFO : Nikhil Vardhan added to my contacts
2025-02-19 09:00:49,313 : INFO : Karthik Reddy - Contact created successfully 
2025-02-19 09:00:49,314 : INFO : Karthik Reddy added to my contacts
2025-02-19 09:06:56,925 : INFO : Nikhil Vardhan - Contact created successfully 
2025-02-19 09:06:56,925 : INFO : Nikhil Vardhan added to my contacts
2025-02-19 09:07:45,026 : INFO : Karthik Reddy - Contact created successfully 
2025-02-19 09:07:45,026 : INFO : Karthik Reddy added to my contacts
2025-02-19 09:09:01,608 : INFO : Exiting My Contacts System
2025-02-19 09:10:26,259 : ERROR : Process interrupted by user.
2025-02-19 09:11:00,645 : WARNING : Zip code should be numeric
2025-02-19 09:11:15,103 : INFO : Nikhil Vardhan - Contact created successfully 
2025-02-19 09:11:15,105 : INFO : Nikhil Vardhan added to my contacts
2025-02-19 09:11:56,439 : INFO : Karthik Reddy - Contact created successfully 
2025-02-19 09:11:56,440 : INFO : Karthik Reddy added to my contacts
2025-02-19 09:12:37,585 : INFO : Chandra Kiran - Contact created successfully 
2025-02-19 09:12:37,586 : INFO : Chandra Kiran added to my contacts
2025-02-19 09:13:27,311 : ERROR : Process interrupted by user.
2025-02-19 09:14:53,818 : INFO : Nikhil Vardhan - Contact created successfully 
2025-02-19 09:14:53,819 : INFO : Nikhil Vardhan added to my contacts
2025-02-19 10:25:47,959 : ERROR : Process interrupted by user.
2025-02-19 10:51:57,855 : INFO : Nikhil Vardhan - Contact created successfully 
2025-02-19 10:51:57,856 : INFO : Nikhil Vardhan added to my contacts
2025-02-19 10:52:00,382 : INFO : Exiting My Contacts System
2025-02-19 11:06:35,172 : ERROR : Process interrupted by user.
2025-02-19 11:07:10,361 : ERROR : Process interrupted by user.
2025-02-19 11:07:52,487 : ERROR : Process interrupted by user.
2025-02-19 11:10:07,825 : INFO : Nikhil Vardhan - Contact created successfully 
2025-02-19 11:10:07,826 : INFO : Nikhil Vardhan added to my contacts
2025-02-19 11:11:12,815 : WARNING : Contact not found.
2025-02-19 11:20:48,446 : ERROR : Process interrupted by user.
2025-02-19 11:21:26,402 : INFO : Nikhil Vardhan - Contact created successfully
2025-02-19 11:21:26,402 : INFO : Nikhil Vardhan added to my contacts
2025-02-19 11:21:52,858 : INFO : Nikhik sfsfsd - Contact created successfully
2025-02-19 11:21:52,858 : INFO : Nikhik sfsfsd added to my contacts
2025-02-19 11:22:38,859 : INFO : Nikhil Vardhan - Contact updated successfully
2025-02-19 11:23:44,154 : WARNING : Contact not found.
2025-02-19 11:24:47,390 : INFO : Nikhil Vardhan - Contact updated successfully
2025-02-19 11:25:44,040 : ERROR : Process interrupted by user.
2025-02-19 11:55:05,637 : INFO : Nikhil Vardhan - Contact created successfully
2025-02-19 11:55:05,637 : INFO : Nikhil Vardhan added to my contacts
2025-02-19 11:56:54,006 : ERROR : Process interrupted by user.
2025-02-19 11:59:19,120 : INFO : Nikhil Vardhan - Contact created successfully
2025-02-19 11:59:19,120 : INFO : Nikhil Vardhan added to my contacts
2025-02-19 12:05:02,860 : INFO : Karthik Reddy - Contact created successfully
2025-02-19 12:05:02,860 : INFO : Karthik Reddy added to my contacts
2025-02-19 12:05:52,611 : INFO : Nikhil Vardhan - Contact updated successfully
2025-02-19 12:06:04,560 : WARNING : Zip code should be numeric
2025-02-19 12:06:14,207 : INFO : hsjdsf fd - Contact created successfully
2025-02-19 12:06:14,211 : INFO : hsjdsf fd added to my contacts
2025-02-19 12:08:17,260 : ERROR : Process interrupted by user.
2025-02-19 12:09:21,640 : INFO : Nikhil Vardhan - Contact created successfully
2025-02-19 12:09:21,640 : INFO : Nikhil Vardhan added to my contacts
2025-02-19 12:09:33,562 : INFO : Nikhil Vardhan - Contact deleted successfully
2025-02-19 12:09:38,212 : WARNING : No contacts available to display.
2025-02-19 12:29:17,029 : ERROR : Process interrupted by user.
2025-02-19 12:29:47,932 : INFO : Nikhil Vardhan - Contact created successfully
2025-02-19 12:29:47,932 : INFO : Nikhil Vardhan added to my contacts
2025-02-19 12:31:13,342 : INFO : Nikhil Vardhan - Contact updated successfully
2025-02-19 12:31:29,168 : INFO : Nikhil Vardhan - Contact deleted successfully
2025-02-19 12:31:37,758 : INFO : Exiting My Contacts System
2025-02-19 12:57:36,516 : ERROR : Unexpected error: invalid literal for int() with base 10: 'ds'
2025-02-19 13:01:06,841 : ERROR : Unexpected error: invalid literal for int() with base 10: 'dsf'
2025-02-19 14:16:06,765 : ERROR : Unexpected error: invalid literal for int() with base 10: 'd'
2025-02-19 14:19:46,560 : ERROR : Unexpected error: invalid literal for int() with base 10: 'rg'
2025-02-19 14:22:21,817 : ERROR : Unexpected error: invalid literal for int() with base 10: '12.5'
2025-02-19 14:22:33,464 : WARNING : Invalid choice. Please enter a valid choice.
2025-02-19 14:22:50,461 : WARNING : Invalid choice. Please enter a valid choice.
2025-02-19 14:32:10,787 : ERROR : Unexpected error: invalid literal for int() with base 10: '445ddddddsd55'
2025-02-19 14:32:22,829 : WARNING : Invalid choice. Please enter a valid choice.
2025-02-19 14:35:47,574 : ERROR : Process interrupted by user.
2025-02-19 14:35:52,264 : ERROR : Unexpected error: invalid literal for int() with base 10: 'sd'
2025-02-19 14:38:44,219 : WARNING : Invalid choice. Please enter a valid choice.
2025-02-19 14:39:12,624 : WARNING : Please enter integers greater than zero only
2025-02-19 14:39:56,155 : WARNING : Please enter integers greater than zero only
2025-02-19 14:39:58,994 : WARNING : Please enter integers greater than zero only
2025-02-19 14:42:03,607 : ERROR : Process interrupted by user.
2025-02-19 14:53:45,737 : INFO : Exiting My Contacts System
2025-02-19 14:53:55,282 : WARNING : Invalid choice. Please enter a valid choice.
2025-02-19 14:55:45,981 : ERROR : Process interrupted by user.
2025-02-19 14:55:56,533 : WARNING : Invalid choice. Please choose a valid option from My Contacts Menu.
2025-02-19 14:56:13,836 : WARNING : Invalid Input: Please enter a number which is greater than 0
2025-02-19 14:56:28,108 : WARNING : Invalid Input: Please enter a number which is greater than 0
2025-02-19 14:57:17,233 : INFO : Nikhil Vardhan - Contact created successfully
2025-02-19 14:57:17,233 : INFO : Nikhil Vardhan added to my contacts
2025-02-19 14:59:46,298 : WARNING : Mobile number should be numeric and it must be exactly 10 digits
2025-02-19 14:59:59,550 : INFO : Karthik Reddy - Contact created successfully
2025-02-19 14:59:59,551 : INFO : Karthik Reddy added to my contacts
2025-02-19 15:05:25,837 : INFO : Maruthi Jaswanth - Contact created successfully
2025-02-19 15:05:25,838 : INFO : Maruthi Jaswanth added to my contacts
2025-02-19 15:07:26,629 : ERROR : Process interrupted by user.
2025-02-19 15:08:20,871 : INFO : Nikhil Vardhan - Contact created successfully
2025-02-19 15:08:20,872 : INFO : Nikhil Vardhan added to my contacts
2025-02-19 15:09:57,555 : INFO : Karthik Reddy - Contact created successfully
2025-02-19 15:09:57,556 : INFO : Karthik Reddy added to my contacts
2025-02-19 15:12:44,470 : INFO : Maruthi Jaswanth - Contact created successfully
2025-02-19 15:12:44,471 : INFO : Maruthi Jaswanth added to my contacts
2025-02-19 15:14:03,177 : INFO : Karthik Reddy - Contact updated successfully
2025-02-19 15:25:04,354 : ERROR : Process interrupted by user.
2025-02-19 15:25:09,618 : WARNING : No contacts available to display.
2025-02-19 15:26:13,443 : ERROR : Process interrupted by user.
2025-02-19 15:26:43,909 : WARNING : Zip code should be numeric and it should be valid
2025-02-19 15:26:53,609 : WARNING : Zip code should be numeric and it should be valid
2025-02-19 15:26:57,636 : WARNING : Zip code should be numeric and it should be valid
2025-02-19 15:27:10,399 : INFO : Nikhil Vardhan - Contact created successfully
2025-02-19 15:27:10,400 : INFO : Nikhil Vardhan added to my contacts
2025-02-19 15:30:16,290 : WARNING : Zip code should be numeric and it should be valid
2025-02-19 15:30:29,560 : INFO : Karthik Reddy - Contact created successfully
2025-02-19 15:30:29,562 : INFO : Karthik Reddy added to my contacts
2025-02-19 15:31:43,419 : ERROR : Process interrupted by user.
2025-02-19 15:32:24,646 : INFO : Nikhil Vardhan - Contact created successfully
2025-02-19 15:32:24,648 : INFO : Nikhil Vardhan added to my contacts
2025-02-19 15:33:05,662 : INFO : Karthik Reddy - Contact created successfully
2025-02-19 15:33:05,663 : INFO : Karthik Reddy added to my contacts
2025-02-19 15:34:02,707 : INFO : Nikhil Vardhan - Contact deleted successfully
2025-02-19 15:34:28,587 : INFO : Karthik Reddy - Contact deleted successfully
2025-02-19 15:34:34,873 : WARNING : No contacts available to display.
2025-02-19 15:34:46,570 : ERROR : Process interrupted by user.
2025-02-19 15:35:04,862 : WARNING : No contacts available to display.
2025-02-19 15:35:06,466 : ERROR : Unexpected error: invalid literal for int() with base 10: ''
2025-02-19 15:35:19,830 : WARNING : No contacts available to display.
2025-02-19 15:35:23,134 : ERROR : Unexpected error: invalid literal for int() with base 10: ''
2025-02-19 15:35:54,686 : WARNING : Zip code should be numeric and it should be valid
2025-02-19 15:35:59,638 : WARNING : Mobile number should be numeric and it must be exactly 10 digits
2025-02-19 15:36:06,418 : INFO : Nikhil dfsdf - Contact created successfully
2025-02-19 15:36:06,418 : INFO : Nikhil dfsdf added to my contacts
2025-02-19 15:37:10,885 : ERROR : Process interrupted by user.
2025-02-19 15:37:49,739 : INFO : Nikhil Vardhan - Contact created successfully
2025-02-19 15:37:49,741 : INFO : Nikhil Vardhan added to my contacts
2025-02-19 15:38:50,118 : ERROR : Process interrupted by user.
2025-02-19 15:38:58,144 : ERROR : Process interrupted by user.
2025-02-19 15:39:00,754 : ERROR : Unexpected error: invalid literal for int() with base 10: 'dfs'
2025-02-19 15:40:19,443 : INFO : Nikhil Vardhan - Contact created successfully
2025-02-19 15:40:19,444 : INFO : Nikhil Vardhan added to my contacts
2025-02-19 15:41:58,985 : INFO : Karthik Reddy - Contact created successfully
2025-02-19 15:41:58,986 : INFO : Karthik Reddy added to my contacts
2025-02-19 15:48:27,842 : INFO : Nikhil Vardhan - Contact deleted successfully
2025-02-19 15:49:03,257 : INFO : Karthik Reddy - Contact deleted successfully
2025-02-19 15:49:04,943 : WARNING : No contacts available to display.
2025-02-19 15:49:59,696 : ERROR : Process interrupted by user.
2025-02-20 18:49:04,030 : INFO : Address Book SRM - Created Successfully
2025-02-20 18:49:17,562 : WARNING : Address book Srm doesn't exist.
2025-02-20 18:49:22,196 : WARNING : Address book SRm doesn't exist.
2025-02-20 18:49:45,869 : INFO : sdfdfg fdgsd - Contact created successfully
2025-02-20 18:49:45,869 : INFO : sdfdfg fdgsd added to my contacts
2025-02-20 18:49:58,130 : WARNING : Mobile number should be numeric and it must be exactly 10 digits
2025-02-20 18:50:04,551 : INFO : jfhdbaf dsfsdaf - Contact created successfully
2025-02-20 18:50:04,552 : INFO : jfhdbaf dsfsdaf added to my contacts
2025-02-20 18:50:15,543 : INFO : Address Book srm - Created Successfully
2025-02-20 18:50:35,519 : WARNING : Zip code should be numeric and it should be valid
2025-02-20 18:50:37,697 : WARNING : Zip code should be numeric and it should be valid
2025-02-20 18:50:46,619 : INFO : asjdfnhj sdfasgdfsd - Contact created successfully
2025-02-20 18:50:46,619 : INFO : asjdfnhj sdfasgdfsd added to my contacts
2025-02-20 18:50:52,846 : WARNING : Zip code should be numeric and it should be valid
2025-02-20 18:51:11,265 : INFO : sdfkjsfd gffs - Contact created successfully
2025-02-20 18:51:11,265 : INFO : sdfkjsfd gffs added to my contacts
2025-02-20 18:51:15,155 : WARNING : Zip code should be numeric and it should be valid
2025-02-20 18:51:24,017 : INFO : sdfdjsf g - Contact created successfully
2025-02-20 18:51:24,017 : INFO : sdfdjsf g added to my contacts
2025-02-20 18:52:25,975 : INFO : sdfdfg fdgsd - Contact updated successfully
2025-02-20 18:53:15,170 : INFO : jfhdbaf dsfsdaf - Contact deleted successfully
2025-02-20 18:53:45,934 : WARNING : Address book dfsdafs doesn't exist.
2025-02-20 18:53:59,079 : WARNING : Address book Bridgelabz doesn't exist.
2025-02-20 18:54:03,612 : WARNING : Address book dsfs doesn't exist.
2025-02-20 18:54:25,990 : INFO : Address Book BRIDGELABZ - Created Successfully
2025-02-20 18:54:32,120 : WARNING : No contacts available to display.
2025-02-20 18:54:38,361 : WARNING : No contacts to edit in Address book BRIDGELABZ.
2025-02-20 18:54:45,792 : WARNING : No contacts to delete in Address book BRIDGELABZ.
2025-02-20 18:54:48,636 : INFO : Exiting Address Book System
2025-02-21 01:39:30,832 : INFO : Address Book SRM - Created Successfully
2025-02-21 01:39:43,346 : WARNING : No contacts available to display.
2025-02-21 01:39:46,869 : WARNING : No contacts to edit in Address book SRM.
2025-02-21 01:39:50,226 : WARNING : No contacts to delete in Address book SRM.
2025-02-21 01:40:01,803 : WARNING : Invalid Input: Please enter integers only
2025-02-21 01:40:24,468 : INFO : nikhil vardhan - Contact added to SRM contacts
2025-02-21 01:40:48,630 : WARNING : Invalid Email id format
2025-02-21 01:40:52,173 : INFO : nikhil asdf - Contact added to SRM contacts
2025-02-21 01:41:19,620 : WARNING : Zip code should be numeric and it should be valid
2025-02-21 01:41:28,587 : WARNING : nikhil vardhan - Contact already exists.
2025-02-21 01:41:35,663 : WARNING : Zip code should be numeric and it should be valid
2025-02-21 01:41:42,918 : WARNING : Invalid Email id format
2025-02-21 01:41:43,404 : WARNING : Invalid Email id format
2025-02-21 01:41:46,085 : INFO : adsf dsf - Contact added to SRM contacts
2025-02-21 01:42:14,685 : INFO : nikhil vardhan - Contact deleted successfully
2025-02-21 01:42:29,595 : INFO : Exiting Address Book System
2025-02-21 02:12:42,280 : INFO : Address Book 3 - Created Successfully
2025-02-21 02:12:58,885 : ERROR : Process interrupted by user.
2025-02-21 02:13:11,192 : INFO : Address Book srm - Created Successfully
2025-02-21 02:13:51,277 : INFO : nikhil vardhan - Contact added to srm contacts
2025-02-21 02:14:08,827 : WARNING : nikhil vardhan - Contact already exists.
2025-02-21 02:14:36,593 : WARNING : Mobile number should be numeric and it must be exactly 10 digits
2025-02-21 02:14:46,455 : INFO : karthik reddy - Contact added to srm contacts
2025-02-21 02:17:37,994 : INFO : maruthi jaswanth - Contact added to srm contacts
2025-02-21 02:17:48,056 : INFO : Address Book Bridgelabz - Created Successfully
2025-02-21 02:18:38,914 : INFO : chandu kiran - Contact added to Bridgelabz contacts
2025-02-21 02:18:57,943 : WARNING : chandu kiran - Contact already exists.
2025-02-21 02:19:32,388 : INFO : venkatesh reddy - Contact added to Bridgelabz contacts
2025-02-21 02:20:18,240 : INFO : manne sai - Contact added to Bridgelabz contacts
2025-02-21 02:21:12,608 : INFO : jibi anna - Contact added to srm contacts
2025-02-21 02:22:43,117 : INFO : charan teja - Contact added to Bridgelabz contacts
2025-02-21 02:23:37,460 : WARNING : Address book 1 doesn't exist.
2025-02-21 02:23:43,747 : ERROR : Unexpected error: invalid literal for int() with base 10: 'nithin'
2025-02-21 02:25:00,180 : INFO : nithin channa - Contact added to srm contacts
2025-02-21 02:26:30,130 : WARNING : No contacts found in city 'dfs'.
2025-02-21 02:27:21,352 : WARNING : No contacts found in city 'dsfads'.
2025-02-21 02:27:40,904 : ERROR : Unexpected error: invalid literal for int() with base 10: 'giddalur'
2025-02-21 02:28:15,781 : INFO : maruthi jaswanth - Contact deleted successfully
2025-02-21 02:28:24,004 : WARNING : No contacts found in city 'rampur'.
2025-02-21 02:28:31,195 : INFO : Exiting Address Book System
2025-02-21 03:39:35,075 : INFO : Address Book srm - Created Successfully
2025-02-21 03:39:49,657 : INFO : Address Book Bridgelabz - Created Successfully
2025-02-21 03:40:52,496 : INFO : nikghil vardhan - Contact added to srm contacts
2025-02-21 03:41:12,564 : WARNING : Zip code should be numeric and it should be valid
2025-02-21 03:41:17,692 : WARNING : Mobile number should be numeric and it must be exactly 10 digits
2025-02-21 03:41:25,891 : INFO : karhtik reddy - Contact added to srm contacts
2025-02-21 03:41:48,624 : WARNING : Mobile number should be numeric and it must be exactly 10 digits
2025-02-21 03:41:55,502 : INFO : maruthi jaswanrh - Contact added to srm contacts
2025-02-21 03:42:06,979 : WARNING : Address book bridgelabz doesn't exist.
2025-02-21 03:42:15,700 : ERROR : Unexpected error: invalid literal for int() with base 10: 'Bridgelabz'
2025-02-21 03:42:43,680 : WARNING : Address Book Bridgelabz already exists
2025-02-21 03:43:37,552 : INFO : chandu kiran - Contact added to Bridgelabz contacts
2025-02-21 03:43:59,532 : WARNING : Mobile number should be numeric and it must be exactly 10 digits
2025-02-21 03:44:11,135 : INFO : venky reddy - Contact added to Bridgelabz contacts
2025-02-21 03:44:37,427 : INFO : chanran teja - Contact added to Bridgelabz contacts
2025-02-21 03:45:49,774 : WARNING : No contacts found in city dsafd.
2025-02-21 04:12:36,553 : ERROR : Process interrupted by user.
2025-02-21 04:12:42,840 : INFO : Address Book srm - Created Successfully
2025-02-21 04:12:48,652 : INFO : Address Book bridgelabz - Created Successfully
2025-02-21 04:13:07,738 : ERROR : Process interrupted by user.
2025-02-21 04:13:16,595 : INFO : Address Book srm - Created Successfully
2025-02-21 04:13:43,391 : INFO : nikhil vardhan - Contact added to srm contacts
2025-02-21 04:13:51,293 : WARNING : Zip code should be numeric and it should be valid
2025-02-21 04:13:54,791 : WARNING : Mobile number should be numeric and it must be exactly 10 digits
2025-02-21 04:14:01,844 : WARNING : nikhil vardhan - Contact already exists.
2025-02-21 04:14:22,735 : WARNING : Mobile number should be numeric and it must be exactly 10 digits
2025-02-21 04:14:31,306 : INFO : karthik reddy - Contact added to srm contacts
2025-02-21 04:15:16,178 : INFO : maruthi jaswanth - Contact added to srm contacts
2025-02-21 04:15:24,596 : INFO : Address Book bridgelabz - Created Successfully
2025-02-21 04:15:53,549 : INFO : manne sai - Contact added to bridgelabz contacts
2025-02-21 04:16:20,365 : WARNING : Zip code should be numeric and it should be valid
2025-02-21 04:16:22,263 : WARNING : Zip code should be numeric and it should be valid
2025-02-21 04:16:34,432 : INFO : venky red - Contact added to bridgelabz contacts
2025-02-21 04:17:14,284 : INFO : charan teja - Contact added to bridgelabz contacts
2025-02-21 04:20:59,918 : ERROR : Unexpected error: invalid literal for int() with base 10: 'telangana'
2025-02-21 04:24:39,570 : INFO : Exiting Address Book System
2025-02-21 04:25:21,848 : INFO : Address Book srm - Created Successfully
2025-02-21 04:25:42,125 : INFO : nikhil vardhan - Contact added to srm contacts
2025-02-21 04:25:51,151 : ERROR : Process interrupted by user.
2025-02-21 04:25:57,707 : INFO : Address Book srm - Created Successfully
2025-02-21 04:26:10,326 : WARNING : Address Book srm already exists
2025-02-21 04:26:15,783 : ERROR : Process interrupted by user.
2025-02-21 04:26:20,487 : INFO : Address Book srm - Created Successfully
2025-02-21 04:26:49,852 : INFO : nikhil vardhan - Contact added to srm contacts
2025-02-21 04:27:18,247 : INFO : karthik reddy - Contact added to srm contacts
2025-02-21 04:27:46,437 : INFO : maruthi jaswanth - Contact added to srm contacts
2025-02-21 04:28:14,597 : INFO : Address Book chennai - Created Successfully
2025-02-21 04:29:02,047 : INFO : manne sai - Contact added to chennai contacts
2025-02-21 04:29:36,550 : INFO : venky red - Contact added to chennai contacts
2025-02-21 04:30:11,422 : INFO : chandu kiran - Contact added to chennai contacts
2025-02-21 04:30:52,419 : WARNING : No contacts found in city andhra.
2025-02-21 04:31:18,756 : WARNING : No contacts found in city telangana.
2025-02-21 04:32:56,876 : INFO : Exiting Address Book System
2025-02-21 04:33:03,712 : INFO : Address Book srm - Created Successfully
2025-02-21 04:33:20,551 : ERROR : Process interrupted by user.
2025-02-21 04:33:26,321 : INFO : Address Book srm - Created Successfully
2025-02-21 04:34:05,768 : INFO : nikhil vardhan - Contact added to srm contacts
2025-02-21 04:34:29,218 : WARNING : Mobile number should be numeric and it must be exactly 10 digits
2025-02-21 04:34:31,456 : WARNING : Mobile number should be numeric and it must be exactly 10 digits
2025-02-21 04:34:36,753 : INFO : karthik red - Contact added to srm contacts
2025-02-21 04:34:58,783 : INFO : maruthi jaswanth - Contact added to srm contacts
2025-02-21 04:35:04,609 : INFO : Address Book chennai - Created Successfully
2025-02-21 04:35:33,193 : INFO : chandu kiran - Contact added to chennai contacts
2025-02-21 04:35:52,273 : INFO : charan twja - Contact added to chennai contacts
2025-02-21 04:36:14,929 : INFO : manne sai - Contact added to chennai contacts
2025-02-21 04:36:45,006 : WARNING : No contacts found in city andhra.
2025-02-21 04:52:53,031 : ERROR : Process interrupted by user.
2025-02-21 04:52:59,789 : INFO : Address Book srm - Created Successfully
2025-02-21 04:53:24,140 : INFO : nikhil vardhan - Contact added to srm contacts
2025-02-21 04:53:53,222 : INFO : karthik' red - Contact added to srm contacts
2025-02-21 04:54:28,356 : INFO : maruthi jaswanth - Contact added to srm contacts
2025-02-21 04:55:00,104 : INFO : Address Book chennai - Created Successfully
2025-02-21 04:55:25,587 : INFO : manne sai - Contact added to chennai contacts
2025-02-21 04:55:48,366 : INFO : charan teja - Contact added to chennai contacts
2025-02-21 04:56:28,092 : INFO : venky red - Contact added to chennai contacts
2025-02-21 04:58:51,303 : INFO : Exiting Address Book System
